#-----------------------------------------------------------
# Vivado v2018.2 (64-bit)
# SW Build 2258646 on Thu Jun 14 20:03:12 MDT 2018
# IP Build 2256618 on Thu Jun 14 22:10:49 MDT 2018
# Start of session at: Fri Aug  3 21:26:22 2018
# Process ID: 2916
# Current directory: C:/Users/dr-lt2/Desktop/github/NiteFury/Sample-Projects/TnD
# Command line: vivado.exe -gui_launcher_event rodinguilauncherevent8536 C:\Users\dr-lt2\Desktop\github\NiteFury\Sample-Projects\TnD\uEVB-TnD.xpr
# Log file: C:/Users/dr-lt2/Desktop/github/NiteFury/Sample-Projects/TnD/vivado.log
# Journal file: C:/Users/dr-lt2/Desktop/github/NiteFury/Sample-Projects/TnD\vivado.jou
#-----------------------------------------------------------
start_gui
open_project C:/Users/dr-lt2/Desktop/github/NiteFury/Sample-Projects/TnD/uEVB-TnD.xpr
Scanning sources...
Finished scanning sources
INFO: [IP_Flow 19-234] Refreshing IP repositories
INFO: [IP_Flow 19-1704] No user IP repositories specified
INFO: [IP_Flow 19-2313] Loaded Vivado IP repository 'C:/Xilinx/Vivado/2018.2/data/ip'.
WARNING: [IP_Flow 19-3664] IP 'design_1_xlslice_0_0' generated file not found 'c:/Users/dr-lt2/Desktop/github/NiteFury/Sample-Projects/TnD/uEVB-TnD.srcs/sources_1/bd/design_1/ip/design_1_xlslice_0_0/design_1_xlslice_0_0.dcp'. Please regenerate to continue.
WARNING: [IP_Flow 19-3664] IP 'design_1_xlslice_0_0' generated file not found 'c:/Users/dr-lt2/Desktop/github/NiteFury/Sample-Projects/TnD/uEVB-TnD.srcs/sources_1/bd/design_1/ip/design_1_xlslice_0_0/design_1_xlslice_0_0_stub.v'. Please regenerate to continue.
WARNING: [IP_Flow 19-3664] IP 'design_1_xlslice_0_0' generated file not found 'c:/Users/dr-lt2/Desktop/github/NiteFury/Sample-Projects/TnD/uEVB-TnD.srcs/sources_1/bd/design_1/ip/design_1_xlslice_0_0/design_1_xlslice_0_0_stub.vhdl'. Please regenerate to continue.
WARNING: [IP_Flow 19-3664] IP 'design_1_xlslice_0_0' generated file not found 'c:/Users/dr-lt2/Desktop/github/NiteFury/Sample-Projects/TnD/uEVB-TnD.srcs/sources_1/bd/design_1/ip/design_1_xlslice_0_0/design_1_xlslice_0_0_sim_netlist.v'. Please regenerate to continue.
WARNING: [IP_Flow 19-3664] IP 'design_1_xlslice_0_0' generated file not found 'c:/Users/dr-lt2/Desktop/github/NiteFury/Sample-Projects/TnD/uEVB-TnD.srcs/sources_1/bd/design_1/ip/design_1_xlslice_0_0/design_1_xlslice_0_0_sim_netlist.vhdl'. Please regenerate to continue.
WARNING: [IP_Flow 19-3664] IP 'design_1_c_counter_binary_0_1' generated file not found 'c:/Users/dr-lt2/Desktop/github/NiteFury/Sample-Projects/TnD/uEVB-TnD.srcs/sources_1/bd/design_1/ip/design_1_c_counter_binary_0_1/design_1_c_counter_binary_0_1.dcp'. Please regenerate to continue.
WARNING: [IP_Flow 19-3664] IP 'design_1_c_counter_binary_0_1' generated file not found 'c:/Users/dr-lt2/Desktop/github/NiteFury/Sample-Projects/TnD/uEVB-TnD.srcs/sources_1/bd/design_1/ip/design_1_c_counter_binary_0_1/design_1_c_counter_binary_0_1_stub.v'. Please regenerate to continue.
WARNING: [IP_Flow 19-3664] IP 'design_1_c_counter_binary_0_1' generated file not found 'c:/Users/dr-lt2/Desktop/github/NiteFury/Sample-Projects/TnD/uEVB-TnD.srcs/sources_1/bd/design_1/ip/design_1_c_counter_binary_0_1/design_1_c_counter_binary_0_1_stub.vhdl'. Please regenerate to continue.
WARNING: [IP_Flow 19-3664] IP 'design_1_c_counter_binary_0_1' generated file not found 'c:/Users/dr-lt2/Desktop/github/NiteFury/Sample-Projects/TnD/uEVB-TnD.srcs/sources_1/bd/design_1/ip/design_1_c_counter_binary_0_1/design_1_c_counter_binary_0_1_sim_netlist.v'. Please regenerate to continue.
WARNING: [IP_Flow 19-3664] IP 'design_1_c_counter_binary_0_1' generated file not found 'c:/Users/dr-lt2/Desktop/github/NiteFury/Sample-Projects/TnD/uEVB-TnD.srcs/sources_1/bd/design_1/ip/design_1_c_counter_binary_0_1/design_1_c_counter_binary_0_1_sim_netlist.vhdl'. Please regenerate to continue.
WARNING: [IP_Flow 19-3664] IP 'design_1_util_ds_buf_0_0' generated file not found 'c:/Users/dr-lt2/Desktop/github/NiteFury/Sample-Projects/TnD/uEVB-TnD.srcs/sources_1/bd/design_1/ip/design_1_util_ds_buf_0_0/design_1_util_ds_buf_0_0.dcp'. Please regenerate to continue.
WARNING: [IP_Flow 19-3664] IP 'design_1_util_ds_buf_0_0' generated file not found 'c:/Users/dr-lt2/Desktop/github/NiteFury/Sample-Projects/TnD/uEVB-TnD.srcs/sources_1/bd/design_1/ip/design_1_util_ds_buf_0_0/design_1_util_ds_buf_0_0_stub.v'. Please regenerate to continue.
WARNING: [IP_Flow 19-3664] IP 'design_1_util_ds_buf_0_0' generated file not found 'c:/Users/dr-lt2/Desktop/github/NiteFury/Sample-Projects/TnD/uEVB-TnD.srcs/sources_1/bd/design_1/ip/design_1_util_ds_buf_0_0/design_1_util_ds_buf_0_0_stub.vhdl'. Please regenerate to continue.
WARNING: [IP_Flow 19-3664] IP 'design_1_util_ds_buf_0_0' generated file not found 'c:/Users/dr-lt2/Desktop/github/NiteFury/Sample-Projects/TnD/uEVB-TnD.srcs/sources_1/bd/design_1/ip/design_1_util_ds_buf_0_0/design_1_util_ds_buf_0_0_sim_netlist.v'. Please regenerate to continue.
WARNING: [IP_Flow 19-3664] IP 'design_1_util_ds_buf_0_0' generated file not found 'c:/Users/dr-lt2/Desktop/github/NiteFury/Sample-Projects/TnD/uEVB-TnD.srcs/sources_1/bd/design_1/ip/design_1_util_ds_buf_0_0/design_1_util_ds_buf_0_0_sim_netlist.vhdl'. Please regenerate to continue.
WARNING: [IP_Flow 19-3664] IP 'design_1_xlslice_0_1' generated file not found 'c:/Users/dr-lt2/Desktop/github/NiteFury/Sample-Projects/TnD/uEVB-TnD.srcs/sources_1/bd/design_1/ip/design_1_xlslice_0_1/design_1_xlslice_0_1.dcp'. Please regenerate to continue.
WARNING: [IP_Flow 19-3664] IP 'design_1_xlslice_0_1' generated file not found 'c:/Users/dr-lt2/Desktop/github/NiteFury/Sample-Projects/TnD/uEVB-TnD.srcs/sources_1/bd/design_1/ip/design_1_xlslice_0_1/design_1_xlslice_0_1_stub.v'. Please regenerate to continue.
WARNING: [IP_Flow 19-3664] IP 'design_1_xlslice_0_1' generated file not found 'c:/Users/dr-lt2/Desktop/github/NiteFury/Sample-Projects/TnD/uEVB-TnD.srcs/sources_1/bd/design_1/ip/design_1_xlslice_0_1/design_1_xlslice_0_1_stub.vhdl'. Please regenerate to continue.
WARNING: [IP_Flow 19-3664] IP 'design_1_xlslice_0_1' generated file not found 'c:/Users/dr-lt2/Desktop/github/NiteFury/Sample-Projects/TnD/uEVB-TnD.srcs/sources_1/bd/design_1/ip/design_1_xlslice_0_1/design_1_xlslice_0_1_sim_netlist.v'. Please regenerate to continue.
WARNING: [IP_Flow 19-3664] IP 'design_1_xlslice_0_1' generated file not found 'c:/Users/dr-lt2/Desktop/github/NiteFury/Sample-Projects/TnD/uEVB-TnD.srcs/sources_1/bd/design_1/ip/design_1_xlslice_0_1/design_1_xlslice_0_1_sim_netlist.vhdl'. Please regenerate to continue.
WARNING: [IP_Flow 19-3664] IP 'design_1_xlslice_0_2' generated file not found 'c:/Users/dr-lt2/Desktop/github/NiteFury/Sample-Projects/TnD/uEVB-TnD.srcs/sources_1/bd/design_1/ip/design_1_xlslice_0_2/design_1_xlslice_0_2.dcp'. Please regenerate to continue.
WARNING: [IP_Flow 19-3664] IP 'design_1_xlslice_0_2' generated file not found 'c:/Users/dr-lt2/Desktop/github/NiteFury/Sample-Projects/TnD/uEVB-TnD.srcs/sources_1/bd/design_1/ip/design_1_xlslice_0_2/design_1_xlslice_0_2_stub.v'. Please regenerate to continue.
WARNING: [IP_Flow 19-3664] IP 'design_1_xlslice_0_2' generated file not found 'c:/Users/dr-lt2/Desktop/github/NiteFury/Sample-Projects/TnD/uEVB-TnD.srcs/sources_1/bd/design_1/ip/design_1_xlslice_0_2/design_1_xlslice_0_2_stub.vhdl'. Please regenerate to continue.
WARNING: [IP_Flow 19-3664] IP 'design_1_xlslice_0_2' generated file not found 'c:/Users/dr-lt2/Desktop/github/NiteFury/Sample-Projects/TnD/uEVB-TnD.srcs/sources_1/bd/design_1/ip/design_1_xlslice_0_2/design_1_xlslice_0_2_sim_netlist.v'. Please regenerate to continue.
WARNING: [IP_Flow 19-3664] IP 'design_1_xlslice_0_2' generated file not found 'c:/Users/dr-lt2/Desktop/github/NiteFury/Sample-Projects/TnD/uEVB-TnD.srcs/sources_1/bd/design_1/ip/design_1_xlslice_0_2/design_1_xlslice_0_2_sim_netlist.vhdl'. Please regenerate to continue.
WARNING: [IP_Flow 19-3664] IP 'design_1_xlslice_1_0' generated file not found 'c:/Users/dr-lt2/Desktop/github/NiteFury/Sample-Projects/TnD/uEVB-TnD.srcs/sources_1/bd/design_1/ip/design_1_xlslice_1_0/design_1_xlslice_1_0.dcp'. Please regenerate to continue.
WARNING: [IP_Flow 19-3664] IP 'design_1_xlslice_1_0' generated file not found 'c:/Users/dr-lt2/Desktop/github/NiteFury/Sample-Projects/TnD/uEVB-TnD.srcs/sources_1/bd/design_1/ip/design_1_xlslice_1_0/design_1_xlslice_1_0_stub.v'. Please regenerate to continue.
WARNING: [IP_Flow 19-3664] IP 'design_1_xlslice_1_0' generated file not found 'c:/Users/dr-lt2/Desktop/github/NiteFury/Sample-Projects/TnD/uEVB-TnD.srcs/sources_1/bd/design_1/ip/design_1_xlslice_1_0/design_1_xlslice_1_0_stub.vhdl'. Please regenerate to continue.
WARNING: [IP_Flow 19-3664] IP 'design_1_xlslice_1_0' generated file not found 'c:/Users/dr-lt2/Desktop/github/NiteFury/Sample-Projects/TnD/uEVB-TnD.srcs/sources_1/bd/design_1/ip/design_1_xlslice_1_0/design_1_xlslice_1_0_sim_netlist.v'. Please regenerate to continue.
WARNING: [IP_Flow 19-3664] IP 'design_1_xlslice_1_0' generated file not found 'c:/Users/dr-lt2/Desktop/github/NiteFury/Sample-Projects/TnD/uEVB-TnD.srcs/sources_1/bd/design_1/ip/design_1_xlslice_1_0/design_1_xlslice_1_0_sim_netlist.vhdl'. Please regenerate to continue.
WARNING: [BD 41-1661] One or more IPs have been locked in the design 'design_1.bd'. Please run report_ip_status for more details and recommendations on how to fix this issue.
List of locked IPs:
design_1_xlslice_0_0
design_1_c_counter_binary_0_0
design_1_xlslice_1_0
design_1_xlslice_0_1
design_1_c_counter_binary_0_1
design_1_xlslice_0_2
design_1_util_ds_buf_0_0

open_project: Time (s): cpu = 00:00:19 ; elapsed = 00:00:08 . Memory (MB): peak = 812.273 ; gain = 93.613
update_compile_order -fileset sources_1
launch_runs synth_1 -jobs 4
WARNING: [Vivado 12-4801] The synthesis checkpoint for IP 'C:/Users/dr-lt2/Desktop/github/NiteFury/Sample-Projects/TnD/uEVB-TnD.srcs/sources_1/bd/design_1/ip/design_1_c_counter_binary_0_0/design_1_c_counter_binary_0_0.xci' is available but stale and the IP is locked. An out-of-context (OOC) run will be created and/or launched, but synthesis may not be able to complete or could result in incorrect behavior.
Please select 'Report IP Status' from the 'Tools/Report' menu or run Tcl command 'report_ip_status' for more information.
WARNING: [Vivado 12-4802] The synthesis checkpoint for IP 'C:/Users/dr-lt2/Desktop/github/NiteFury/Sample-Projects/TnD/uEVB-TnD.srcs/sources_1/bd/design_1/ip/design_1_xlslice_0_0/design_1_xlslice_0_0.xci' is not generated and IP is locked. An out-of-context (OOC) run will be created and/or launched, but synthesis may not be able to complete or could result in incorrect behavior.
Please select 'Report IP Status' from the 'Tools/Report' menu or run Tcl command 'report_ip_status' for more information.
WARNING: [Vivado 12-4802] The synthesis checkpoint for IP 'C:/Users/dr-lt2/Desktop/github/NiteFury/Sample-Projects/TnD/uEVB-TnD.srcs/sources_1/bd/design_1/ip/design_1_c_counter_binary_0_1/design_1_c_counter_binary_0_1.xci' is not generated and IP is locked. An out-of-context (OOC) run will be created and/or launched, but synthesis may not be able to complete or could result in incorrect behavior.
Please select 'Report IP Status' from the 'Tools/Report' menu or run Tcl command 'report_ip_status' for more information.
WARNING: [Vivado 12-4802] The synthesis checkpoint for IP 'C:/Users/dr-lt2/Desktop/github/NiteFury/Sample-Projects/TnD/uEVB-TnD.srcs/sources_1/bd/design_1/ip/design_1_util_ds_buf_0_0/design_1_util_ds_buf_0_0.xci' is not generated and IP is locked. An out-of-context (OOC) run will be created and/or launched, but synthesis may not be able to complete or could result in incorrect behavior.
Please select 'Report IP Status' from the 'Tools/Report' menu or run Tcl command 'report_ip_status' for more information.
WARNING: [Vivado 12-4802] The synthesis checkpoint for IP 'C:/Users/dr-lt2/Desktop/github/NiteFury/Sample-Projects/TnD/uEVB-TnD.srcs/sources_1/bd/design_1/ip/design_1_xlslice_0_1/design_1_xlslice_0_1.xci' is not generated and IP is locked. An out-of-context (OOC) run will be created and/or launched, but synthesis may not be able to complete or could result in incorrect behavior.
Please select 'Report IP Status' from the 'Tools/Report' menu or run Tcl command 'report_ip_status' for more information.
WARNING: [Vivado 12-4802] The synthesis checkpoint for IP 'C:/Users/dr-lt2/Desktop/github/NiteFury/Sample-Projects/TnD/uEVB-TnD.srcs/sources_1/bd/design_1/ip/design_1_xlslice_0_2/design_1_xlslice_0_2.xci' is not generated and IP is locked. An out-of-context (OOC) run will be created and/or launched, but synthesis may not be able to complete or could result in incorrect behavior.
Please select 'Report IP Status' from the 'Tools/Report' menu or run Tcl command 'report_ip_status' for more information.
WARNING: [Vivado 12-4802] The synthesis checkpoint for IP 'C:/Users/dr-lt2/Desktop/github/NiteFury/Sample-Projects/TnD/uEVB-TnD.srcs/sources_1/bd/design_1/ip/design_1_xlslice_1_0/design_1_xlslice_1_0.xci' is not generated and IP is locked. An out-of-context (OOC) run will be created and/or launched, but synthesis may not be able to complete or could result in incorrect behavior.
Please select 'Report IP Status' from the 'Tools/Report' menu or run Tcl command 'report_ip_status' for more information.
WARNING: [Project 1-576] IP 'C:/Users/dr-lt2/Desktop/github/NiteFury/Sample-Projects/TnD/uEVB-TnD.srcs/sources_1/bd/design_1/ip/design_1_xlslice_0_1/design_1_xlslice_0_1.xci' in run design_1_xlslice_0_1_synth_1 is locked, no out-of-context (OOC) run will be launched. The run may not be able to complete.
Please select 'Report IP Status' from 'Tools/Report' or run the Tcl command 'report_ip_status' for more information.
WARNING: [Project 1-576] IP 'C:/Users/dr-lt2/Desktop/github/NiteFury/Sample-Projects/TnD/uEVB-TnD.srcs/sources_1/bd/design_1/ip/design_1_xlslice_0_0/design_1_xlslice_0_0.xci' in run design_1_xlslice_0_0_synth_1 is locked, no out-of-context (OOC) run will be launched. The run may not be able to complete.
Please select 'Report IP Status' from 'Tools/Report' or run the Tcl command 'report_ip_status' for more information.
WARNING: [Project 1-576] IP 'C:/Users/dr-lt2/Desktop/github/NiteFury/Sample-Projects/TnD/uEVB-TnD.srcs/sources_1/bd/design_1/ip/design_1_c_counter_binary_0_1/design_1_c_counter_binary_0_1.xci' in run design_1_c_counter_binary_0_1_synth_1 is locked, no out-of-context (OOC) run will be launched. The run may not be able to complete.
Please select 'Report IP Status' from 'Tools/Report' or run the Tcl command 'report_ip_status' for more information.
WARNING: [Project 1-576] IP 'C:/Users/dr-lt2/Desktop/github/NiteFury/Sample-Projects/TnD/uEVB-TnD.srcs/sources_1/bd/design_1/ip/design_1_xlslice_1_0/design_1_xlslice_1_0.xci' in run design_1_xlslice_1_0_synth_1 is locked, no out-of-context (OOC) run will be launched. The run may not be able to complete.
Please select 'Report IP Status' from 'Tools/Report' or run the Tcl command 'report_ip_status' for more information.
WARNING: [Project 1-576] IP 'C:/Users/dr-lt2/Desktop/github/NiteFury/Sample-Projects/TnD/uEVB-TnD.srcs/sources_1/bd/design_1/ip/design_1_xlslice_0_2/design_1_xlslice_0_2.xci' in run design_1_xlslice_0_2_synth_1 is locked, no out-of-context (OOC) run will be launched. The run may not be able to complete.
Please select 'Report IP Status' from 'Tools/Report' or run the Tcl command 'report_ip_status' for more information.
WARNING: [Project 1-576] IP 'C:/Users/dr-lt2/Desktop/github/NiteFury/Sample-Projects/TnD/uEVB-TnD.srcs/sources_1/bd/design_1/ip/design_1_util_ds_buf_0_0/design_1_util_ds_buf_0_0.xci' in run design_1_util_ds_buf_0_0_synth_1 is locked, no out-of-context (OOC) run will be launched. The run may not be able to complete.
Please select 'Report IP Status' from 'Tools/Report' or run the Tcl command 'report_ip_status' for more information.
WARNING: [Project 1-576] IP 'C:/Users/dr-lt2/Desktop/github/NiteFury/Sample-Projects/TnD/uEVB-TnD.srcs/sources_1/bd/design_1/ip/design_1_xlslice_0_1/design_1_xlslice_0_1.xci' in run design_1_xlslice_0_1_synth_1 is locked, no out-of-context (OOC) run will be launched. The run may not be able to complete.
Please select 'Report IP Status' from 'Tools/Report' or run the Tcl command 'report_ip_status' for more information.
WARNING: [Project 1-576] IP 'C:/Users/dr-lt2/Desktop/github/NiteFury/Sample-Projects/TnD/uEVB-TnD.srcs/sources_1/bd/design_1/ip/design_1_xlslice_0_0/design_1_xlslice_0_0.xci' in run design_1_xlslice_0_0_synth_1 is locked, no out-of-context (OOC) run will be launched. The run may not be able to complete.
Please select 'Report IP Status' from 'Tools/Report' or run the Tcl command 'report_ip_status' for more information.
WARNING: [Project 1-576] IP 'C:/Users/dr-lt2/Desktop/github/NiteFury/Sample-Projects/TnD/uEVB-TnD.srcs/sources_1/bd/design_1/ip/design_1_c_counter_binary_0_1/design_1_c_counter_binary_0_1.xci' in run design_1_c_counter_binary_0_1_synth_1 is locked, no out-of-context (OOC) run will be launched. The run may not be able to complete.
Please select 'Report IP Status' from 'Tools/Report' or run the Tcl command 'report_ip_status' for more information.
WARNING: [Project 1-576] IP 'C:/Users/dr-lt2/Desktop/github/NiteFury/Sample-Projects/TnD/uEVB-TnD.srcs/sources_1/bd/design_1/ip/design_1_xlslice_1_0/design_1_xlslice_1_0.xci' in run design_1_xlslice_1_0_synth_1 is locked, no out-of-context (OOC) run will be launched. The run may not be able to complete.
Please select 'Report IP Status' from 'Tools/Report' or run the Tcl command 'report_ip_status' for more information.
WARNING: [Project 1-576] IP 'C:/Users/dr-lt2/Desktop/github/NiteFury/Sample-Projects/TnD/uEVB-TnD.srcs/sources_1/bd/design_1/ip/design_1_xlslice_0_2/design_1_xlslice_0_2.xci' in run design_1_xlslice_0_2_synth_1 is locked, no out-of-context (OOC) run will be launched. The run may not be able to complete.
Please select 'Report IP Status' from 'Tools/Report' or run the Tcl command 'report_ip_status' for more information.
WARNING: [Project 1-576] IP 'C:/Users/dr-lt2/Desktop/github/NiteFury/Sample-Projects/TnD/uEVB-TnD.srcs/sources_1/bd/design_1/ip/design_1_util_ds_buf_0_0/design_1_util_ds_buf_0_0.xci' in run design_1_util_ds_buf_0_0_synth_1 is locked, no out-of-context (OOC) run will be launched. The run may not be able to complete.
Please select 'Report IP Status' from 'Tools/Report' or run the Tcl command 'report_ip_status' for more information.
[Fri Aug  3 21:27:07 2018] Launched design_1_xlslice_0_1_synth_1, design_1_xlslice_0_0_synth_1, design_1_c_counter_binary_0_1_synth_1, design_1_xlslice_1_0_synth_1, design_1_xlslice_0_2_synth_1, design_1_util_ds_buf_0_0_synth_1...
Run output will be captured here:
design_1_xlslice_0_1_synth_1: C:/Users/dr-lt2/Desktop/github/NiteFury/Sample-Projects/TnD/uEVB-TnD.runs/design_1_xlslice_0_1_synth_1/runme.log
design_1_xlslice_0_0_synth_1: C:/Users/dr-lt2/Desktop/github/NiteFury/Sample-Projects/TnD/uEVB-TnD.runs/design_1_xlslice_0_0_synth_1/runme.log
design_1_c_counter_binary_0_1_synth_1: C:/Users/dr-lt2/Desktop/github/NiteFury/Sample-Projects/TnD/uEVB-TnD.runs/design_1_c_counter_binary_0_1_synth_1/runme.log
design_1_xlslice_1_0_synth_1: C:/Users/dr-lt2/Desktop/github/NiteFury/Sample-Projects/TnD/uEVB-TnD.runs/design_1_xlslice_1_0_synth_1/runme.log
design_1_xlslice_0_2_synth_1: C:/Users/dr-lt2/Desktop/github/NiteFury/Sample-Projects/TnD/uEVB-TnD.runs/design_1_xlslice_0_2_synth_1/runme.log
design_1_util_ds_buf_0_0_synth_1: C:/Users/dr-lt2/Desktop/github/NiteFury/Sample-Projects/TnD/uEVB-TnD.runs/design_1_util_ds_buf_0_0_synth_1/runme.log
[Fri Aug  3 21:27:08 2018] Launched synth_1...
Run output will be captured here: C:/Users/dr-lt2/Desktop/github/NiteFury/Sample-Projects/TnD/uEVB-TnD.runs/synth_1/runme.log
launch_runs impl_1 -jobs 6
INFO: [IP_Flow 19-4993] Using cached IP synthesis design for IP design_1_c_counter_binary_0_0, cache-ID = e01584c00eebd7fa; cache size = 0.274 MB.
WARNING: [Vivado 12-4801] The synthesis checkpoint for IP 'C:/Users/dr-lt2/Desktop/github/NiteFury/Sample-Projects/TnD/uEVB-TnD.srcs/sources_1/bd/design_1/ip/design_1_c_counter_binary_0_0/design_1_c_counter_binary_0_0.xci' is available but stale and the IP is locked. An out-of-context (OOC) run will be created and/or launched, but synthesis may not be able to complete or could result in incorrect behavior.
Please select 'Report IP Status' from the 'Tools/Report' menu or run Tcl command 'report_ip_status' for more information.
INFO: [IP_Flow 19-4993] Using cached IP synthesis design for IP design_1_xlslice_0_0, cache-ID = db0b74d2d5c48abd; cache size = 0.274 MB.
WARNING: [Vivado 12-4801] The synthesis checkpoint for IP 'C:/Users/dr-lt2/Desktop/github/NiteFury/Sample-Projects/TnD/uEVB-TnD.srcs/sources_1/bd/design_1/ip/design_1_xlslice_0_0/design_1_xlslice_0_0.xci' is available but stale and the IP is locked. An out-of-context (OOC) run will be created and/or launched, but synthesis may not be able to complete or could result in incorrect behavior.
Please select 'Report IP Status' from the 'Tools/Report' menu or run Tcl command 'report_ip_status' for more information.
INFO: [IP_Flow 19-4993] Using cached IP synthesis design for IP design_1_c_counter_binary_0_1, cache-ID = e01584c00eebd7fa; cache size = 0.274 MB.
WARNING: [Vivado 12-4801] The synthesis checkpoint for IP 'C:/Users/dr-lt2/Desktop/github/NiteFury/Sample-Projects/TnD/uEVB-TnD.srcs/sources_1/bd/design_1/ip/design_1_c_counter_binary_0_1/design_1_c_counter_binary_0_1.xci' is available but stale and the IP is locked. An out-of-context (OOC) run will be created and/or launched, but synthesis may not be able to complete or could result in incorrect behavior.
Please select 'Report IP Status' from the 'Tools/Report' menu or run Tcl command 'report_ip_status' for more information.
INFO: [IP_Flow 19-4993] Using cached IP synthesis design for IP design_1_util_ds_buf_0_0, cache-ID = 3f796bd8c9cbea7c; cache size = 0.274 MB.
WARNING: [Vivado 12-4801] The synthesis checkpoint for IP 'C:/Users/dr-lt2/Desktop/github/NiteFury/Sample-Projects/TnD/uEVB-TnD.srcs/sources_1/bd/design_1/ip/design_1_util_ds_buf_0_0/design_1_util_ds_buf_0_0.xci' is available but stale and the IP is locked. An out-of-context (OOC) run will be created and/or launched, but synthesis may not be able to complete or could result in incorrect behavior.
Please select 'Report IP Status' from the 'Tools/Report' menu or run Tcl command 'report_ip_status' for more information.
INFO: [IP_Flow 19-4993] Using cached IP synthesis design for IP design_1_xlslice_0_1, cache-ID = db0b74d2d5c48abd; cache size = 0.274 MB.
WARNING: [Vivado 12-4801] The synthesis checkpoint for IP 'C:/Users/dr-lt2/Desktop/github/NiteFury/Sample-Projects/TnD/uEVB-TnD.srcs/sources_1/bd/design_1/ip/design_1_xlslice_0_1/design_1_xlslice_0_1.xci' is available but stale and the IP is locked. An out-of-context (OOC) run will be created and/or launched, but synthesis may not be able to complete or could result in incorrect behavior.
Please select 'Report IP Status' from the 'Tools/Report' menu or run Tcl command 'report_ip_status' for more information.
INFO: [IP_Flow 19-4993] Using cached IP synthesis design for IP design_1_xlslice_0_2, cache-ID = 886a45fc13d28817; cache size = 0.274 MB.
WARNING: [Vivado 12-4801] The synthesis checkpoint for IP 'C:/Users/dr-lt2/Desktop/github/NiteFury/Sample-Projects/TnD/uEVB-TnD.srcs/sources_1/bd/design_1/ip/design_1_xlslice_0_2/design_1_xlslice_0_2.xci' is available but stale and the IP is locked. An out-of-context (OOC) run will be created and/or launched, but synthesis may not be able to complete or could result in incorrect behavior.
Please select 'Report IP Status' from the 'Tools/Report' menu or run Tcl command 'report_ip_status' for more information.
INFO: [IP_Flow 19-4993] Using cached IP synthesis design for IP design_1_xlslice_1_0, cache-ID = 886a45fc13d28817; cache size = 0.274 MB.
WARNING: [Vivado 12-4801] The synthesis checkpoint for IP 'C:/Users/dr-lt2/Desktop/github/NiteFury/Sample-Projects/TnD/uEVB-TnD.srcs/sources_1/bd/design_1/ip/design_1_xlslice_1_0/design_1_xlslice_1_0.xci' is available but stale and the IP is locked. An out-of-context (OOC) run will be created and/or launched, but synthesis may not be able to complete or could result in incorrect behavior.
Please select 'Report IP Status' from the 'Tools/Report' menu or run Tcl command 'report_ip_status' for more information.
[Fri Aug  3 21:30:21 2018] Launched impl_1...
Run output will be captured here: C:/Users/dr-lt2/Desktop/github/NiteFury/Sample-Projects/TnD/uEVB-TnD.runs/impl_1/runme.log
launch_runs: Time (s): cpu = 00:00:08 ; elapsed = 00:00:07 . Memory (MB): peak = 963.012 ; gain = 0.000
launch_runs impl_1 -to_step write_bitstream -jobs 6
INFO: [IP_Flow 19-4993] Using cached IP synthesis design for IP design_1_c_counter_binary_0_0, cache-ID = e01584c00eebd7fa; cache size = 0.274 MB.
WARNING: [Vivado 12-4801] The synthesis checkpoint for IP 'C:/Users/dr-lt2/Desktop/github/NiteFury/Sample-Projects/TnD/uEVB-TnD.srcs/sources_1/bd/design_1/ip/design_1_c_counter_binary_0_0/design_1_c_counter_binary_0_0.xci' is available but stale and the IP is locked. An out-of-context (OOC) run will be created and/or launched, but synthesis may not be able to complete or could result in incorrect behavior.
Please select 'Report IP Status' from the 'Tools/Report' menu or run Tcl command 'report_ip_status' for more information.
INFO: [IP_Flow 19-4993] Using cached IP synthesis design for IP design_1_xlslice_0_0, cache-ID = db0b74d2d5c48abd; cache size = 0.274 MB.
WARNING: [Vivado 12-4801] The synthesis checkpoint for IP 'C:/Users/dr-lt2/Desktop/github/NiteFury/Sample-Projects/TnD/uEVB-TnD.srcs/sources_1/bd/design_1/ip/design_1_xlslice_0_0/design_1_xlslice_0_0.xci' is available but stale and the IP is locked. An out-of-context (OOC) run will be created and/or launched, but synthesis may not be able to complete or could result in incorrect behavior.
Please select 'Report IP Status' from the 'Tools/Report' menu or run Tcl command 'report_ip_status' for more information.
INFO: [IP_Flow 19-4993] Using cached IP synthesis design for IP design_1_c_counter_binary_0_1, cache-ID = e01584c00eebd7fa; cache size = 0.274 MB.
WARNING: [Vivado 12-4801] The synthesis checkpoint for IP 'C:/Users/dr-lt2/Desktop/github/NiteFury/Sample-Projects/TnD/uEVB-TnD.srcs/sources_1/bd/design_1/ip/design_1_c_counter_binary_0_1/design_1_c_counter_binary_0_1.xci' is available but stale and the IP is locked. An out-of-context (OOC) run will be created and/or launched, but synthesis may not be able to complete or could result in incorrect behavior.
Please select 'Report IP Status' from the 'Tools/Report' menu or run Tcl command 'report_ip_status' for more information.
INFO: [IP_Flow 19-4993] Using cached IP synthesis design for IP design_1_util_ds_buf_0_0, cache-ID = 3f796bd8c9cbea7c; cache size = 0.274 MB.
WARNING: [Vivado 12-4801] The synthesis checkpoint for IP 'C:/Users/dr-lt2/Desktop/github/NiteFury/Sample-Projects/TnD/uEVB-TnD.srcs/sources_1/bd/design_1/ip/design_1_util_ds_buf_0_0/design_1_util_ds_buf_0_0.xci' is available but stale and the IP is locked. An out-of-context (OOC) run will be created and/or launched, but synthesis may not be able to complete or could result in incorrect behavior.
Please select 'Report IP Status' from the 'Tools/Report' menu or run Tcl command 'report_ip_status' for more information.
INFO: [IP_Flow 19-4993] Using cached IP synthesis design for IP design_1_xlslice_0_1, cache-ID = db0b74d2d5c48abd; cache size = 0.274 MB.
WARNING: [Vivado 12-4801] The synthesis checkpoint for IP 'C:/Users/dr-lt2/Desktop/github/NiteFury/Sample-Projects/TnD/uEVB-TnD.srcs/sources_1/bd/design_1/ip/design_1_xlslice_0_1/design_1_xlslice_0_1.xci' is available but stale and the IP is locked. An out-of-context (OOC) run will be created and/or launched, but synthesis may not be able to complete or could result in incorrect behavior.
Please select 'Report IP Status' from the 'Tools/Report' menu or run Tcl command 'report_ip_status' for more information.
INFO: [IP_Flow 19-4993] Using cached IP synthesis design for IP design_1_xlslice_0_2, cache-ID = 886a45fc13d28817; cache size = 0.274 MB.
WARNING: [Vivado 12-4801] The synthesis checkpoint for IP 'C:/Users/dr-lt2/Desktop/github/NiteFury/Sample-Projects/TnD/uEVB-TnD.srcs/sources_1/bd/design_1/ip/design_1_xlslice_0_2/design_1_xlslice_0_2.xci' is available but stale and the IP is locked. An out-of-context (OOC) run will be created and/or launched, but synthesis may not be able to complete or could result in incorrect behavior.
Please select 'Report IP Status' from the 'Tools/Report' menu or run Tcl command 'report_ip_status' for more information.
INFO: [Common 17-41] Interrupt caught. Command should exit soon.
INFO: [IP_Flow 19-4993] Using cached IP synthesis design for IP design_1_xlslice_1_0, cache-ID = 886a45fc13d28817; cache size = 0.274 MB.
INFO: [Common 17-344] 'config_ip_cache' was cancelled
1
INFO: [Common 17-344] 'launch_runs' was cancelled
reset_run design_1_xlslice_0_1_synth_1
reset_run design_1_xlslice_0_0_synth_1
reset_run design_1_c_counter_binary_0_1_synth_1
reset_run design_1_xlslice_1_0_synth_1
reset_run design_1_xlslice_0_2_synth_1
reset_run design_1_util_ds_buf_0_0_synth_1
reset_run synth_1
launch_runs synth_1 -jobs 6
INFO: [IP_Flow 19-4993] Using cached IP synthesis design for IP design_1_c_counter_binary_0_0, cache-ID = e01584c00eebd7fa; cache size = 0.274 MB.
WARNING: [Vivado 12-4801] The synthesis checkpoint for IP 'C:/Users/dr-lt2/Desktop/github/NiteFury/Sample-Projects/TnD/uEVB-TnD.srcs/sources_1/bd/design_1/ip/design_1_c_counter_binary_0_0/design_1_c_counter_binary_0_0.xci' is available but stale and the IP is locked. An out-of-context (OOC) run will be created and/or launched, but synthesis may not be able to complete or could result in incorrect behavior.
Please select 'Report IP Status' from the 'Tools/Report' menu or run Tcl command 'report_ip_status' for more information.
INFO: [IP_Flow 19-4993] Using cached IP synthesis design for IP design_1_xlslice_0_0, cache-ID = db0b74d2d5c48abd; cache size = 0.274 MB.
WARNING: [Vivado 12-4801] The synthesis checkpoint for IP 'C:/Users/dr-lt2/Desktop/github/NiteFury/Sample-Projects/TnD/uEVB-TnD.srcs/sources_1/bd/design_1/ip/design_1_xlslice_0_0/design_1_xlslice_0_0.xci' is available but stale and the IP is locked. An out-of-context (OOC) run will be created and/or launched, but synthesis may not be able to complete or could result in incorrect behavior.
Please select 'Report IP Status' from the 'Tools/Report' menu or run Tcl command 'report_ip_status' for more information.
INFO: [IP_Flow 19-4993] Using cached IP synthesis design for IP design_1_c_counter_binary_0_1, cache-ID = e01584c00eebd7fa; cache size = 0.274 MB.
WARNING: [Vivado 12-4801] The synthesis checkpoint for IP 'C:/Users/dr-lt2/Desktop/github/NiteFury/Sample-Projects/TnD/uEVB-TnD.srcs/sources_1/bd/design_1/ip/design_1_c_counter_binary_0_1/design_1_c_counter_binary_0_1.xci' is available but stale and the IP is locked. An out-of-context (OOC) run will be created and/or launched, but synthesis may not be able to complete or could result in incorrect behavior.
Please select 'Report IP Status' from the 'Tools/Report' menu or run Tcl command 'report_ip_status' for more information.
INFO: [IP_Flow 19-4993] Using cached IP synthesis design for IP design_1_util_ds_buf_0_0, cache-ID = 3f796bd8c9cbea7c; cache size = 0.274 MB.
WARNING: [Vivado 12-4801] The synthesis checkpoint for IP 'C:/Users/dr-lt2/Desktop/github/NiteFury/Sample-Projects/TnD/uEVB-TnD.srcs/sources_1/bd/design_1/ip/design_1_util_ds_buf_0_0/design_1_util_ds_buf_0_0.xci' is available but stale and the IP is locked. An out-of-context (OOC) run will be created and/or launched, but synthesis may not be able to complete or could result in incorrect behavior.
Please select 'Report IP Status' from the 'Tools/Report' menu or run Tcl command 'report_ip_status' for more information.
INFO: [IP_Flow 19-4993] Using cached IP synthesis design for IP design_1_xlslice_0_1, cache-ID = db0b74d2d5c48abd; cache size = 0.274 MB.
WARNING: [Vivado 12-4801] The synthesis checkpoint for IP 'C:/Users/dr-lt2/Desktop/github/NiteFury/Sample-Projects/TnD/uEVB-TnD.srcs/sources_1/bd/design_1/ip/design_1_xlslice_0_1/design_1_xlslice_0_1.xci' is available but stale and the IP is locked. An out-of-context (OOC) run will be created and/or launched, but synthesis may not be able to complete or could result in incorrect behavior.
Please select 'Report IP Status' from the 'Tools/Report' menu or run Tcl command 'report_ip_status' for more information.
INFO: [IP_Flow 19-4993] Using cached IP synthesis design for IP design_1_xlslice_0_2, cache-ID = 886a45fc13d28817; cache size = 0.274 MB.
WARNING: [Vivado 12-4801] The synthesis checkpoint for IP 'C:/Users/dr-lt2/Desktop/github/NiteFury/Sample-Projects/TnD/uEVB-TnD.srcs/sources_1/bd/design_1/ip/design_1_xlslice_0_2/design_1_xlslice_0_2.xci' is available but stale and the IP is locked. An out-of-context (OOC) run will be created and/or launched, but synthesis may not be able to complete or could result in incorrect behavior.
Please select 'Report IP Status' from the 'Tools/Report' menu or run Tcl command 'report_ip_status' for more information.
INFO: [IP_Flow 19-4993] Using cached IP synthesis design for IP design_1_xlslice_1_0, cache-ID = 886a45fc13d28817; cache size = 0.274 MB.
WARNING: [Vivado 12-4801] The synthesis checkpoint for IP 'C:/Users/dr-lt2/Desktop/github/NiteFury/Sample-Projects/TnD/uEVB-TnD.srcs/sources_1/bd/design_1/ip/design_1_xlslice_1_0/design_1_xlslice_1_0.xci' is available but stale and the IP is locked. An out-of-context (OOC) run will be created and/or launched, but synthesis may not be able to complete or could result in incorrect behavior.
Please select 'Report IP Status' from the 'Tools/Report' menu or run Tcl command 'report_ip_status' for more information.
WARNING: [Project 1-577] IP run design_1_xlslice_0_1_synth_1 is available but is out of date. Since the IP is locked, the synthesis checkpoint cannot be updated. The out-of-date checkpoint will be used and it may result in incorrect behavior.
Please select 'Report IP Status' from the 'Tools/Report' menu or run the Tcl command 'report_ip_status' for more information.
WARNING: [Project 1-577] IP run design_1_xlslice_0_0_synth_1 is available but is out of date. Since the IP is locked, the synthesis checkpoint cannot be updated. The out-of-date checkpoint will be used and it may result in incorrect behavior.
Please select 'Report IP Status' from the 'Tools/Report' menu or run the Tcl command 'report_ip_status' for more information.
WARNING: [Project 1-577] IP run design_1_c_counter_binary_0_1_synth_1 is available but is out of date. Since the IP is locked, the synthesis checkpoint cannot be updated. The out-of-date checkpoint will be used and it may result in incorrect behavior.
Please select 'Report IP Status' from the 'Tools/Report' menu or run the Tcl command 'report_ip_status' for more information.
WARNING: [Project 1-577] IP run design_1_xlslice_1_0_synth_1 is available but is out of date. Since the IP is locked, the synthesis checkpoint cannot be updated. The out-of-date checkpoint will be used and it may result in incorrect behavior.
Please select 'Report IP Status' from the 'Tools/Report' menu or run the Tcl command 'report_ip_status' for more information.
WARNING: [Project 1-577] IP run design_1_xlslice_0_2_synth_1 is available but is out of date. Since the IP is locked, the synthesis checkpoint cannot be updated. The out-of-date checkpoint will be used and it may result in incorrect behavior.
Please select 'Report IP Status' from the 'Tools/Report' menu or run the Tcl command 'report_ip_status' for more information.
WARNING: [Project 1-577] IP run design_1_util_ds_buf_0_0_synth_1 is available but is out of date. Since the IP is locked, the synthesis checkpoint cannot be updated. The out-of-date checkpoint will be used and it may result in incorrect behavior.
Please select 'Report IP Status' from the 'Tools/Report' menu or run the Tcl command 'report_ip_status' for more information.
WARNING: [Project 1-576] IP 'C:/Users/dr-lt2/Desktop/github/NiteFury/Sample-Projects/TnD/uEVB-TnD.srcs/sources_1/bd/design_1/ip/design_1_xlslice_0_1/design_1_xlslice_0_1.xci' in run design_1_xlslice_0_1_synth_1 is locked, no out-of-context (OOC) run will be launched. The run may not be able to complete.
Please select 'Report IP Status' from 'Tools/Report' or run the Tcl command 'report_ip_status' for more information.
WARNING: [Project 1-576] IP 'C:/Users/dr-lt2/Desktop/github/NiteFury/Sample-Projects/TnD/uEVB-TnD.srcs/sources_1/bd/design_1/ip/design_1_xlslice_0_0/design_1_xlslice_0_0.xci' in run design_1_xlslice_0_0_synth_1 is locked, no out-of-context (OOC) run will be launched. The run may not be able to complete.
Please select 'Report IP Status' from 'Tools/Report' or run the Tcl command 'report_ip_status' for more information.
WARNING: [Project 1-576] IP 'C:/Users/dr-lt2/Desktop/github/NiteFury/Sample-Projects/TnD/uEVB-TnD.srcs/sources_1/bd/design_1/ip/design_1_c_counter_binary_0_1/design_1_c_counter_binary_0_1.xci' in run design_1_c_counter_binary_0_1_synth_1 is locked, no out-of-context (OOC) run will be launched. The run may not be able to complete.
Please select 'Report IP Status' from 'Tools/Report' or run the Tcl command 'report_ip_status' for more information.
WARNING: [Project 1-576] IP 'C:/Users/dr-lt2/Desktop/github/NiteFury/Sample-Projects/TnD/uEVB-TnD.srcs/sources_1/bd/design_1/ip/design_1_xlslice_1_0/design_1_xlslice_1_0.xci' in run design_1_xlslice_1_0_synth_1 is locked, no out-of-context (OOC) run will be launched. The run may not be able to complete.
Please select 'Report IP Status' from 'Tools/Report' or run the Tcl command 'report_ip_status' for more information.
WARNING: [Project 1-576] IP 'C:/Users/dr-lt2/Desktop/github/NiteFury/Sample-Projects/TnD/uEVB-TnD.srcs/sources_1/bd/design_1/ip/design_1_xlslice_0_2/design_1_xlslice_0_2.xci' in run design_1_xlslice_0_2_synth_1 is locked, no out-of-context (OOC) run will be launched. The run may not be able to complete.
Please select 'Report IP Status' from 'Tools/Report' or run the Tcl command 'report_ip_status' for more information.
WARNING: [Project 1-576] IP 'C:/Users/dr-lt2/Desktop/github/NiteFury/Sample-Projects/TnD/uEVB-TnD.srcs/sources_1/bd/design_1/ip/design_1_util_ds_buf_0_0/design_1_util_ds_buf_0_0.xci' in run design_1_util_ds_buf_0_0_synth_1 is locked, no out-of-context (OOC) run will be launched. The run may not be able to complete.
Please select 'Report IP Status' from 'Tools/Report' or run the Tcl command 'report_ip_status' for more information.
[Fri Aug  3 21:35:12 2018] Launched design_1_xlslice_0_1_synth_1, design_1_xlslice_0_0_synth_1, design_1_c_counter_binary_0_1_synth_1, design_1_xlslice_1_0_synth_1, design_1_xlslice_0_2_synth_1, design_1_util_ds_buf_0_0_synth_1...
Run output will be captured here:
design_1_xlslice_0_1_synth_1: C:/Users/dr-lt2/Desktop/github/NiteFury/Sample-Projects/TnD/uEVB-TnD.runs/design_1_xlslice_0_1_synth_1/runme.log
design_1_xlslice_0_0_synth_1: C:/Users/dr-lt2/Desktop/github/NiteFury/Sample-Projects/TnD/uEVB-TnD.runs/design_1_xlslice_0_0_synth_1/runme.log
design_1_c_counter_binary_0_1_synth_1: C:/Users/dr-lt2/Desktop/github/NiteFury/Sample-Projects/TnD/uEVB-TnD.runs/design_1_c_counter_binary_0_1_synth_1/runme.log
design_1_xlslice_1_0_synth_1: C:/Users/dr-lt2/Desktop/github/NiteFury/Sample-Projects/TnD/uEVB-TnD.runs/design_1_xlslice_1_0_synth_1/runme.log
design_1_xlslice_0_2_synth_1: C:/Users/dr-lt2/Desktop/github/NiteFury/Sample-Projects/TnD/uEVB-TnD.runs/design_1_xlslice_0_2_synth_1/runme.log
design_1_util_ds_buf_0_0_synth_1: C:/Users/dr-lt2/Desktop/github/NiteFury/Sample-Projects/TnD/uEVB-TnD.runs/design_1_util_ds_buf_0_0_synth_1/runme.log
[Fri Aug  3 21:35:13 2018] Launched synth_1...
Run output will be captured here: C:/Users/dr-lt2/Desktop/github/NiteFury/Sample-Projects/TnD/uEVB-TnD.runs/synth_1/runme.log
launch_runs: Time (s): cpu = 00:00:07 ; elapsed = 00:00:08 . Memory (MB): peak = 968.445 ; gain = 0.000
launch_runs impl_1 -jobs 6
INFO: [IP_Flow 19-4993] Using cached IP synthesis design for IP design_1_c_counter_binary_0_0, cache-ID = e01584c00eebd7fa; cache size = 0.274 MB.
WARNING: [Vivado 12-4801] The synthesis checkpoint for IP 'C:/Users/dr-lt2/Desktop/github/NiteFury/Sample-Projects/TnD/uEVB-TnD.srcs/sources_1/bd/design_1/ip/design_1_c_counter_binary_0_0/design_1_c_counter_binary_0_0.xci' is available but stale and the IP is locked. An out-of-context (OOC) run will be created and/or launched, but synthesis may not be able to complete or could result in incorrect behavior.
Please select 'Report IP Status' from the 'Tools/Report' menu or run Tcl command 'report_ip_status' for more information.
INFO: [IP_Flow 19-4993] Using cached IP synthesis design for IP design_1_xlslice_0_0, cache-ID = db0b74d2d5c48abd; cache size = 0.274 MB.
WARNING: [Vivado 12-4801] The synthesis checkpoint for IP 'C:/Users/dr-lt2/Desktop/github/NiteFury/Sample-Projects/TnD/uEVB-TnD.srcs/sources_1/bd/design_1/ip/design_1_xlslice_0_0/design_1_xlslice_0_0.xci' is available but stale and the IP is locked. An out-of-context (OOC) run will be created and/or launched, but synthesis may not be able to complete or could result in incorrect behavior.
Please select 'Report IP Status' from the 'Tools/Report' menu or run Tcl command 'report_ip_status' for more information.
INFO: [IP_Flow 19-4993] Using cached IP synthesis design for IP design_1_c_counter_binary_0_1, cache-ID = e01584c00eebd7fa; cache size = 0.274 MB.
WARNING: [Vivado 12-4801] The synthesis checkpoint for IP 'C:/Users/dr-lt2/Desktop/github/NiteFury/Sample-Projects/TnD/uEVB-TnD.srcs/sources_1/bd/design_1/ip/design_1_c_counter_binary_0_1/design_1_c_counter_binary_0_1.xci' is available but stale and the IP is locked. An out-of-context (OOC) run will be created and/or launched, but synthesis may not be able to complete or could result in incorrect behavior.
Please select 'Report IP Status' from the 'Tools/Report' menu or run Tcl command 'report_ip_status' for more information.
INFO: [IP_Flow 19-4993] Using cached IP synthesis design for IP design_1_util_ds_buf_0_0, cache-ID = 3f796bd8c9cbea7c; cache size = 0.274 MB.
WARNING: [Vivado 12-4801] The synthesis checkpoint for IP 'C:/Users/dr-lt2/Desktop/github/NiteFury/Sample-Projects/TnD/uEVB-TnD.srcs/sources_1/bd/design_1/ip/design_1_util_ds_buf_0_0/design_1_util_ds_buf_0_0.xci' is available but stale and the IP is locked. An out-of-context (OOC) run will be created and/or launched, but synthesis may not be able to complete or could result in incorrect behavior.
Please select 'Report IP Status' from the 'Tools/Report' menu or run Tcl command 'report_ip_status' for more information.
INFO: [IP_Flow 19-4993] Using cached IP synthesis design for IP design_1_xlslice_0_1, cache-ID = db0b74d2d5c48abd; cache size = 0.274 MB.
WARNING: [Vivado 12-4801] The synthesis checkpoint for IP 'C:/Users/dr-lt2/Desktop/github/NiteFury/Sample-Projects/TnD/uEVB-TnD.srcs/sources_1/bd/design_1/ip/design_1_xlslice_0_1/design_1_xlslice_0_1.xci' is available but stale and the IP is locked. An out-of-context (OOC) run will be created and/or launched, but synthesis may not be able to complete or could result in incorrect behavior.
Please select 'Report IP Status' from the 'Tools/Report' menu or run Tcl command 'report_ip_status' for more information.
INFO: [IP_Flow 19-4993] Using cached IP synthesis design for IP design_1_xlslice_0_2, cache-ID = 886a45fc13d28817; cache size = 0.274 MB.
WARNING: [Vivado 12-4801] The synthesis checkpoint for IP 'C:/Users/dr-lt2/Desktop/github/NiteFury/Sample-Projects/TnD/uEVB-TnD.srcs/sources_1/bd/design_1/ip/design_1_xlslice_0_2/design_1_xlslice_0_2.xci' is available but stale and the IP is locked. An out-of-context (OOC) run will be created and/or launched, but synthesis may not be able to complete or could result in incorrect behavior.
Please select 'Report IP Status' from the 'Tools/Report' menu or run Tcl command 'report_ip_status' for more information.
INFO: [IP_Flow 19-4993] Using cached IP synthesis design for IP design_1_xlslice_1_0, cache-ID = 886a45fc13d28817; cache size = 0.274 MB.
WARNING: [Vivado 12-4801] The synthesis checkpoint for IP 'C:/Users/dr-lt2/Desktop/github/NiteFury/Sample-Projects/TnD/uEVB-TnD.srcs/sources_1/bd/design_1/ip/design_1_xlslice_1_0/design_1_xlslice_1_0.xci' is available but stale and the IP is locked. An out-of-context (OOC) run will be created and/or launched, but synthesis may not be able to complete or could result in incorrect behavior.
Please select 'Report IP Status' from the 'Tools/Report' menu or run Tcl command 'report_ip_status' for more information.
[Fri Aug  3 21:39:19 2018] Launched impl_1...
Run output will be captured here: C:/Users/dr-lt2/Desktop/github/NiteFury/Sample-Projects/TnD/uEVB-TnD.runs/impl_1/runme.log
launch_runs: Time (s): cpu = 00:00:04 ; elapsed = 00:00:05 . Memory (MB): peak = 974.230 ; gain = 0.000
exit
INFO: [Common 17-206] Exiting Vivado at Fri Aug  3 21:42:04 2018...
