MIG: 10:23:08 : xml_input_file: mig_a.prj
MIG: 10:23:09 : Absolute path of xml_input_file: c:/Users/dr-lt2/Desktop/github/NiteFury/Sample-Projects/Project-0/FPGA-A200T-3/p0-cle-215p/p0-cle-215p.srcs/sources_1/bd/Top/ip/Top_mig_7series_0_0/mig_a.prj
MIG: 10:23:09 : xml_input_file: mig_a.prj
MIG: 10:23:09 : Absolute path of xml_input_file: c:/Users/dr-lt2/Desktop/github/NiteFury/Sample-Projects/Project-0/FPGA-A200T-3/p0-cle-215p/p0-cle-215p.srcs/sources_1/bd/Top/ip/Top_mig_7series_0_0/mig_a.prj
MIG: 10:23:09 : In updateAllModelParams
MIG: 10:23:09 : ################# RUNNING MIG BATCH ###################
MIG: 10:23:09 : Writing IN file for 'Top_mig_7series_0_0'...compDirPath: c:/Xilinx/Vivado/2018.2/data/ip/xilinx/mig_7series_v4_1... instDirPath: c:/Users/dr-lt2/Desktop/github/NiteFury/Sample-Projects/Project-0/FPGA-A200T-3/p0-cle-215p/p0-cle-215p.srcs/sources_1/bd/Top/ip/Top_mig_7series_0_0
MIG: 10:23:09 : synp_flow:  -- synthesis_mode: Other
MIG: 10:23:09 : outputDirectory: c:/Users/dr-lt2/Desktop/github/NiteFury/Sample-Projects/Project-0/FPGA-A200T-3/p0-cle-215p/p0-cle-215p.srcs/sources_1/bd/Top/ip/Top_mig_7series_0_0/_tmp/
MIG: 10:23:09 : vivado_mode: xpg_bd
MIG: 10:23:09 : isPortInterface: 0
MIG: 10:23:09 : isPortInterface: 0
MIG: 10:23:09 : isPortInterface: 0
MIG: 10:23:09 : isPortInterface: 0
MIG: 10:23:09 : isPortInterface: 0
MIG: 10:23:09 : isPortInterface: 0
MIG: 10:23:09 : isPortInterface: 0
MIG: 10:23:09 : isPortInterface: 0
MIG: 10:23:09 : isPortInterface: 0
MIG: 10:23:09 : isPortInterface: 0
MIG: 10:23:09 : isPortInterface: 0
MIG: 10:23:09 : isPortInterface: 0
MIG: 10:23:09 : isPortInterface: 0
MIG: 10:23:09 : isPortInterface: 0
MIG: 10:23:09 : isPortInterface: 0
MIG: 10:23:09 : isPortInterface: 0
MIG: 10:23:09 : isPortInterface: 0
MIG: 10:23:09 : isPortInterface: 0
MIG: 10:23:09 : isPortInterface: 0
MIG: 10:23:09 : isPortInterface: 0
MIG: 10:23:09 : isPortInterface: 0
MIG: 10:23:09 : isPortInterface: 0
MIG: 10:23:09 : isPortInterface: 0
MIG: 10:23:09 : isPortInterface: 0
MIG: 10:23:09 : isPortInterface: 0
MIG: 10:23:09 : isPortInterface: 0
MIG: 10:23:09 : isPortInterface: 0
MIG: 10:23:09 : isPortInterface: 0
MIG: 10:23:09 : isPortInterface: 0
MIG: 10:23:09 : isPortInterface: 0
MIG: 10:23:09 : isPortInterface: 0
MIG: 10:23:09 : isPortInterface: 0
MIG: 10:23:09 : isPortInterface: 0
MIG: 10:23:09 : isPortInterface: 0
MIG: 10:23:09 : isPortInterface: 0
MIG: 10:23:09 : isPortInterface: 0
MIG: 10:23:09 : isPortInterface: 0
MIG: 10:23:09 : isPortInterface: 0
MIG: 10:23:09 : isPortInterface: 0
MIG: 10:23:09 : isPortInterface: 0
MIG: 10:23:09 : isPortInterface: 0
MIG: 10:23:09 : isPortInterface: 0
MIG: 10:23:09 : isPortInterface: 0
MIG: 10:23:09 : isPortInterface: 0
MIG: 10:23:09 : isPortInterface: 0
MIG: 10:23:09 : isPortInterface: 0
MIG: 10:23:09 : isPortInterface: 0
MIG: 10:23:09 : isPortInterface: 0
MIG: 10:23:09 : isPortInterface: 0
MIG: 10:23:09 : isPortInterface: 0
MIG: 10:23:09 : isPortInterface: 0
MIG: 10:23:09 : isPortInterface: 0
MIG: 10:23:09 : isPortInterface: 0
MIG: 10:23:09 : isPortInterface: 0
MIG: 10:23:09 : isPortInterface: 0
MIG: 10:23:09 : isPortInterface: 0
MIG: 10:23:09 : isPortInterface: 0
MIG: 10:23:09 : isPortInterface: 0
MIG: 10:23:09 : isPortInterface: 0
MIG: 10:23:09 : isPortInterface: 0
MIG: 10:23:09 : isPortInterface: 0
MIG: 10:23:09 : isPortInterface: 0
MIG: 10:23:09 : isPortInterface: 0
MIG: 10:23:09 : isPortInterface: 0
MIG: 10:23:09 : isPortInterface: 0
MIG: 10:23:09 : isPortInterface: 0
MIG: 10:23:09 : isPortInterface: 0
MIG: 10:23:09 : isPortInterface: 0
MIG: 10:23:09 : isPortInterface: 0
MIG: 10:23:09 : isPortInterface: 0
MIG: 10:23:09 : isPortInterface: 0
MIG: 10:23:09 : isPortInterface: 0
MIG: 10:23:09 : isPortInterface: 0
MIG: 10:23:09 : isPortInterface: 0
MIG: 10:23:09 : isPortInterface: 0
MIG: 10:23:09 : isPortInterface: 0
MIG: 10:23:09 : isPortInterface: 0
MIG: 10:23:09 : isPortInterface: 0
MIG: 10:23:09 : isPortInterface: 0
MIG: 10:23:09 : isPortInterface: 0
MIG: 10:23:09 : isPortInterface: 0
MIG: 10:23:09 : isPortInterface: 0
MIG: 10:23:09 : isPortInterface: 0
MIG: 10:23:09 : isPortInterface: 0
MIG: 10:23:09 : isPortInterface: 0
MIG: 10:23:09 : isPortInterface: 0
MIG: 10:23:09 : isPortInterface: 0
MIG: 10:23:09 : isPortInterface: 0
MIG: 10:23:09 : isPortInterface: 0
MIG: 10:23:09 : isPortInterface: 0
MIG: 10:23:09 : isPortInterface: 0
MIG: 10:23:09 : isPortInterface: 0
MIG: 10:23:09 : isPortInterface: 0
MIG: 10:23:09 : isPortInterface: 0
MIG: 10:23:09 : isPortInterface: 0
MIG: 10:23:09 : isPortInterface: 0
MIG: 10:23:09 : isPortInterface: 0
MIG: 10:23:09 : isPortInterface: 0
MIG: 10:23:09 : isPortInterface: 0
MIG: 10:23:09 : isPortInterface: 0
MIG: 10:23:09 : isPortInterface: 0
MIG: 10:23:09 : isPortInterface: 0
MIG: 10:23:09 : isPortInterface: 0
MIG: 10:23:09 : isPortInterface: 0
MIG: 10:23:09 : isPortInterface: 0
MIG: 10:23:09 : isPortInterface: 0
MIG: 10:23:09 : isPortInterface: 0
MIG: 10:23:09 : isPortInterface: 0
MIG: 10:23:09 : isPortInterface: 0
MIG: 10:23:09 : isPortInterface: 0
MIG: 10:23:09 : isPortInterface: 0
MIG: 10:23:09 : isPortInterface: 0
MIG: 10:23:09 : isPortInterface: 0
MIG: 10:23:09 : isPortInterface: 0
MIG: 10:23:09 : isPortInterface: 0
MIG: 10:23:09 : isPortInterface: 0
MIG: 10:23:09 : isPortInterface: 0
MIG: 10:23:09 : isPortInterface: 0
MIG: 10:23:09 : isPortInterface: 0
MIG: 10:23:09 : isPortInterface: 0
MIG: 10:23:09 : isPortInterface: 0
MIG: 10:23:09 : isPortInterface: 0
MIG: 10:23:09 : isPortInterface: 0
MIG: 10:23:09 : isPortInterface: 0
MIG: 10:23:09 : isPortInterface: 0
MIG: 10:23:09 : isPortInterface: 0
MIG: 10:23:09 : isPortInterface: 0
MIG: 10:23:09 : isPortInterface: 0
MIG: 10:23:09 : isPortInterface: 1
MIG: 10:23:09 : isPortInterface: 0
MIG: 10:23:09 : isPortInterface: 0
MIG: 10:23:09 : isPortInterface: 0
MIG: 10:23:09 : isPortInterface: 0
MIG: 10:23:09 : isPortInterface: 0
MIG: 10:23:09 : isPortInterface: 0
MIG: 10:23:09 : isPortInterface: 0
MIG: 10:23:09 : isPortInterface: 0
MIG: 10:23:09 : isPortInterface: 0
MIG: 10:23:09 :  locked false  
MIG: 10:23:09 : HDL Language: Verilog
MIG: 10:23:09 : compInfo: true
MIG: 10:23:09 : Vivado Options xc7a200t fbg484 -3
MIG: 10:23:09 : 1: xc7a200t 2: fbg484 3: -3
MIG: 10:23:09 : relative mig path: coregen/ip/xilinx/other/com/xilinx/ip/mig_7series_v4_1/bin/nt64/mig.exe
MIG: 10:23:09 : xilinx_path: C:/Xilinx/Vivado/2018.2/ids_lite/ISE
MIG: 10:23:09 : I am in catch area
MIG: 10:23:09 : Running C:/Xilinx/Vivado/2018.2/ids_lite/ISE/coregen/ip/xilinx/other/com/xilinx/ip/mig_7series_v4_1/bin/nt64/mig.exe -cg_exc_inp c:/Users/dr-lt2/Desktop/github/NiteFury/Sample-Projects/Project-0/FPGA-A200T-3/p0-cle-215p/p0-cle-215p.srcs/sources_1/bd/Top/ip/Top_mig_7series_0_0/xil_txt.in -cg_exc_out c:/Users/dr-lt2/Desktop/github/NiteFury/Sample-Projects/Project-0/FPGA-A200T-3/p0-cle-215p/p0-cle-215p.srcs/sources_1/bd/Top/ip/Top_mig_7series_0_0/xil_txt.out ... 
MIG: 10:23:18 : XML_INPUT_FILE: c:/Users/dr-lt2/Desktop/github/NiteFury/Sample-Projects/Project-0/FPGA-A200T-3/p0-cle-215p/p0-cle-215p.srcs/sources_1/bd/Top/ip/Top_mig_7series_0_0/mig_a.prj
MIG: 10:23:18 : Component_Name: Top_mig_7series_0_0
MIG: 10:23:18 : Moving Top_mig_7series_0_0 ...
MIG: 10:23:18 : Moving Top_mig_7series_0_0.veo ...
MIG: 10:23:18 : Moving Top_mig_7series_0_0_xmdf.tcl ...
MIG: 10:23:18 : XGUI hdlLanguage: Verilog
MIG: 10:23:18 : xgui vivado_mode: xpg_bd
MIG: 10:23:18 : xgui hdlLanguage: Verilog -- hdlExt: v
MIG: 10:23:18 : Reading C:/Users/dr-lt2/Desktop/github/NiteFury/Sample-Projects/Project-0/FPGA-A200T-3/p0-cle-215p/p0-cle-215p.srcs/sources_1/bd/Top/ip/Top_mig_7series_0_0/Top_mig_7series_0_0/user_design/rtl/Top_mig_7series_0_0_mig.v ...
MIG: 10:23:19 : 1
MIG: 10:23:19 : Inside fn mem: DDR3
MIG: 10:23:19 : detect_uiclk: 133333333
MIG: 10:23:19 : cntrl:  memtype: DDR3
MIG: 10:23:19 : 1066
MIG: 10:23:19 :  MMCM_VCO single ctrl param_name: MMCM_VCO --  possibleMaxVcoVal: 1066 
MIG: 10:23:19 : 
MIG: 10:23:19 : 1
MIG: 10:23:19 : 133333333
MIG: 10:23:19 : 
MIG: 10:23:19 :  polarity_value: 1
MIG: 10:23:19 : 
MIG: 10:23:19 : 
MIG: 10:23:19 : cntrl:  memtype: DDR3
MIG: 10:23:19 : 
MIG: 10:23:19 :  Valid Param: DDR3_BANK_WIDTH ==> 3
MIG: 10:23:19 : 
MIG: 10:23:19 :  Valid Param: DDR3_CK_WIDTH ==> 1
MIG: 10:23:19 :  Invalid Param: DDR3_COL_WIDTH ==> 10
MIG: 10:23:19 : 
MIG: 10:23:19 :  Valid Param: DDR3_CS_WIDTH ==> 1
MIG: 10:23:19 : 
MIG: 10:23:19 :  Valid Param: DDR3_nCS_PER_RANK ==> 1
MIG: 10:23:19 : 
MIG: 10:23:19 :  Valid Param: DDR3_CKE_WIDTH ==> 1
MIG: 10:23:19 :  Invalid Param: DDR3_DATA_BUF_ADDR_WIDTH ==> 5
MIG: 10:23:19 :  Invalid Param: DDR3_DQ_CNT_WIDTH ==> 4
MIG: 10:23:19 :  Invalid Param: DDR3_DQ_PER_DM ==> 8
MIG: 10:23:19 : 2
MIG: 10:23:19 :  Valid Param: DDR3_DM_WIDTH ==> 2
MIG: 10:23:19 : 16
MIG: 10:23:19 :  Valid Param: DDR3_DQ_WIDTH ==> 16
MIG: 10:23:19 : 2
MIG: 10:23:19 :  Valid Param: DDR3_DQS_WIDTH ==> 2
MIG: 10:23:19 : 
MIG: 10:23:19 :  Valid Param: DDR3_DQS_CNT_WIDTH ==> 1
MIG: 10:23:19 :  Invalid Param: DDR3_DRAM_WIDTH ==> 8
MIG: 10:23:19 : 
MIG: 10:23:19 :  Valid Param: ECC ==> OFF
MIG: 10:23:19 : 16
MIG: 10:23:19 :  Valid Param: DDR3_DATA_WIDTH ==> 16
MIG: 10:23:19 :  Invalid Param: ECC_TEST ==> "OFF"
MIG: 10:23:19 :  Invalid Param: DDR3_PAYLOAD_WIDTH ==> (ECC_TEST == "OFF") ? DATA_WIDTH : DQ_WIDTH
MIG: 10:23:19 :  Invalid Param: DDR3_MEM_ADDR_ORDER ==> "BANK_ROW_COLUMN"
MIG: 10:23:19 :  Invalid Param: DDR3_nBANK_MACHS ==> 4
MIG: 10:23:19 :  Invalid Param: DDR3_RANKS ==> 1
MIG: 10:23:19 : 
MIG: 10:23:19 :  Valid Param: DDR3_ODT_WIDTH ==> 1
MIG: 10:23:19 : 16
MIG: 10:23:19 :  Valid Param: DDR3_ROW_WIDTH ==> 16
MIG: 10:23:19 : 30
MIG: 10:23:19 :  Valid Param: DDR3_ADDR_WIDTH ==> 30
MIG: 10:23:19 : 0
MIG: 10:23:19 :  Valid Param: DDR3_USE_CS_PORT ==> 0
MIG: 10:23:19 : 
MIG: 10:23:19 :  Valid Param: DDR3_USE_DM_PORT ==> 1
MIG: 10:23:19 : 
MIG: 10:23:19 :  Valid Param: DDR3_USE_ODT_PORT ==> 1
MIG: 10:23:19 :  Invalid Param: DDR3_IS_CLK_SHARED ==> "FALSE"
MIG: 10:23:19 :  Invalid Param: DDR3_PHY_CONTROL_MASTER_BANK ==> 1
MIG: 10:23:19 :  Invalid Param: DDR3_MEM_DENSITY ==> "4Gb"
MIG: 10:23:19 :  Invalid Param: DDR3_MEM_SPEEDGRADE ==> "125"
MIG: 10:23:19 :  Invalid Param: DDR3_MEM_DEVICE_WIDTH ==> 16
MIG: 10:23:19 :  Invalid Param: DDR3_AL ==> "0"
MIG: 10:23:19 :  Invalid Param: DDR3_nAL ==> 0
MIG: 10:23:19 :  Invalid Param: DDR3_BURST_MODE ==> "8"
MIG: 10:23:19 :  Invalid Param: DDR3_BURST_TYPE ==> "SEQ"
MIG: 10:23:19 :  Invalid Param: DDR3_CL ==> 7
MIG: 10:23:19 :  Invalid Param: DDR3_CWL ==> 6
MIG: 10:23:19 :  Invalid Param: DDR3_OUTPUT_DRV ==> "HIGH"
MIG: 10:23:19 :  Invalid Param: DDR3_RTT_NOM ==> "60"
MIG: 10:23:19 :  Invalid Param: DDR3_RTT_WR ==> "OFF"
MIG: 10:23:19 :  Invalid Param: DDR3_ADDR_CMD_MODE ==> "1T"
MIG: 10:23:19 : 
MIG: 10:23:19 :  Valid Param: DDR3_REG_CTRL ==> OFF
MIG: 10:23:19 :  Invalid Param: DDR3_CA_MIRROR ==> "OFF"
MIG: 10:23:19 :  Invalid Param: DDR3_VDD_OP_VOLT ==> "150"
MIG: 10:23:19 :  Invalid Param: DDR3_CLKIN_PERIOD ==> 5000
MIG: 10:23:19 :  Invalid Param: DDR3_CLKFBOUT_MULT ==> 16
MIG: 10:23:19 :  Invalid Param: DDR3_DIVCLK_DIVIDE ==> 3
MIG: 10:23:19 :  Invalid Param: DDR3_CLKOUT0_PHASE ==> 337.5
MIG: 10:23:19 :  Invalid Param: DDR3_CLKOUT0_DIVIDE ==> 2
MIG: 10:23:19 :  Invalid Param: DDR3_CLKOUT1_DIVIDE ==> 2
MIG: 10:23:19 :  Invalid Param: DDR3_CLKOUT2_DIVIDE ==> 32
MIG: 10:23:19 :  Invalid Param: DDR3_CLKOUT3_DIVIDE ==> 8
MIG: 10:23:19 :  Invalid Param: DDR3_MMCM_VCO ==> 1066
MIG: 10:23:19 :  Invalid Param: DDR3_MMCM_MULT_F ==> 8
MIG: 10:23:19 :  Invalid Param: DDR3_MMCM_DIVCLK_DIVIDE ==> 1
MIG: 10:23:19 :  Invalid Param: DDR3_tCKE ==> 5000
MIG: 10:23:19 :  Invalid Param: DDR3_tFAW ==> 40000
MIG: 10:23:19 :  Invalid Param: DDR3_tPRDI ==> 1_000_000
MIG: 10:23:19 :  Invalid Param: DDR3_tRAS ==> 35000
MIG: 10:23:19 :  Invalid Param: DDR3_tRCD ==> 13750
MIG: 10:23:19 :  Invalid Param: DDR3_tREFI ==> 7800000
MIG: 10:23:19 :  Invalid Param: DDR3_tRFC ==> 260000
MIG: 10:23:19 :  Invalid Param: DDR3_tRP ==> 13750
MIG: 10:23:19 :  Invalid Param: DDR3_tRRD ==> 7500
MIG: 10:23:19 :  Invalid Param: DDR3_tRTP ==> 7500
MIG: 10:23:19 :  Invalid Param: DDR3_tWTR ==> 7500
MIG: 10:23:19 :  Invalid Param: DDR3_tZQI ==> 128_000_000
MIG: 10:23:19 :  Invalid Param: DDR3_tZQCS ==> 64
MIG: 10:23:19 :  Invalid Param: DDR3_SIM_BYPASS_INIT_CAL ==> "OFF"
MIG: 10:23:19 :  Invalid Param: DDR3_SIMULATION ==> "FALSE"
MIG: 10:23:19 :  Invalid Param: DDR3_BYTE_LANES_B0 ==> 4'b0011
MIG: 10:23:19 :  Invalid Param: DDR3_BYTE_LANES_B1 ==> 4'b0111
MIG: 10:23:19 :  Invalid Param: DDR3_BYTE_LANES_B2 ==> 4'b0000
MIG: 10:23:19 :  Invalid Param: DDR3_BYTE_LANES_B3 ==> 4'b0000
MIG: 10:23:19 :  Invalid Param: DDR3_BYTE_LANES_B4 ==> 4'b0000
MIG: 10:23:19 :  Invalid Param: DDR3_DATA_CTL_B0 ==> 4'b0011
MIG: 10:23:19 :  Invalid Param: DDR3_DATA_CTL_B1 ==> 4'b0000
MIG: 10:23:19 :  Invalid Param: DDR3_DATA_CTL_B2 ==> 4'b0000
MIG: 10:23:19 :  Invalid Param: DDR3_DATA_CTL_B3 ==> 4'b0000
MIG: 10:23:19 :  Invalid Param: DDR3_DATA_CTL_B4 ==> 4'b0000
MIG: 10:23:19 :  Invalid Param: DDR3_PHY_0_BITLANES ==> 48'h000_000_3F7_2FF
MIG: 10:23:19 :  Invalid Param: DDR3_PHY_1_BITLANES ==> 48'h000_FBC_FFF_00B
MIG: 10:23:19 :  Invalid Param: DDR3_PHY_2_BITLANES ==> 48'h000_000_000_000
MIG: 10:23:19 :  Invalid Param: DDR3_CK_BYTE_MAP ==> 144'h00_00_00_00_00_00_00_00_00_00_00_00_00_00_00_00_00_10
MIG: 10:23:19 :  Invalid Param: DDR3_ADDR_MAP ==> 192'h129_11B_113_12A_11A_122_112_110_111_125_115_12B_114_100_124_101
MIG: 10:23:19 :  Invalid Param: DDR3_BANK_MAP ==> 36'h116_123_117
MIG: 10:23:19 :  Invalid Param: DDR3_CAS_MAP ==> 12'h119
MIG: 10:23:19 :  Invalid Param: DDR3_CKE_ODT_BYTE_MAP ==> 8'h00
MIG: 10:23:19 :  Invalid Param: DDR3_CKE_MAP ==> 96'h000_000_000_000_000_000_000_128
MIG: 10:23:19 :  Invalid Param: DDR3_ODT_MAP ==> 96'h000_000_000_000_000_000_000_118
MIG: 10:23:19 :  Invalid Param: DDR3_CS_MAP ==> 120'h000_000_000_000_000_000_000_000_000_000
MIG: 10:23:19 :  Invalid Param: DDR3_PARITY_MAP ==> 12'h000
MIG: 10:23:19 :  Invalid Param: DDR3_RAS_MAP ==> 12'h127
MIG: 10:23:19 :  Invalid Param: DDR3_WE_MAP ==> 12'h103
MIG: 10:23:19 :  Invalid Param: DDR3_DQS_BYTE_MAP ==> 144'h00_00_00_00_00_00_00_00_00_00_00_00_00_00_00_00_00_01
MIG: 10:23:19 :  Invalid Param: DDR3_DATA0_MAP ==> 96'h019_010_018_011_014_017_015_016
MIG: 10:23:19 :  Invalid Param: DDR3_DATA1_MAP ==> 96'h004_006_002_007_003_009_001_005
MIG: 10:23:19 :  Invalid Param: DDR3_DATA2_MAP ==> 96'h000_000_000_000_000_000_000_000
MIG: 10:23:19 :  Invalid Param: DDR3_DATA3_MAP ==> 96'h000_000_000_000_000_000_000_000
MIG: 10:23:19 :  Invalid Param: DDR3_DATA4_MAP ==> 96'h000_000_000_000_000_000_000_000
MIG: 10:23:19 :  Invalid Param: DDR3_DATA5_MAP ==> 96'h000_000_000_000_000_000_000_000
MIG: 10:23:19 :  Invalid Param: DDR3_DATA6_MAP ==> 96'h000_000_000_000_000_000_000_000
MIG: 10:23:19 :  Invalid Param: DDR3_DATA7_MAP ==> 96'h000_000_000_000_000_000_000_000
MIG: 10:23:19 :  Invalid Param: DDR3_DATA8_MAP ==> 96'h000_000_000_000_000_000_000_000
MIG: 10:23:19 :  Invalid Param: DDR3_DATA9_MAP ==> 96'h000_000_000_000_000_000_000_000
MIG: 10:23:19 :  Invalid Param: DDR3_DATA10_MAP ==> 96'h000_000_000_000_000_000_000_000
MIG: 10:23:19 :  Invalid Param: DDR3_DATA11_MAP ==> 96'h000_000_000_000_000_000_000_000
MIG: 10:23:19 :  Invalid Param: DDR3_DATA12_MAP ==> 96'h000_000_000_000_000_000_000_000
MIG: 10:23:19 :  Invalid Param: DDR3_DATA13_MAP ==> 96'h000_000_000_000_000_000_000_000
MIG: 10:23:19 :  Invalid Param: DDR3_DATA14_MAP ==> 96'h000_000_000_000_000_000_000_000
MIG: 10:23:19 :  Invalid Param: DDR3_DATA15_MAP ==> 96'h000_000_000_000_000_000_000_000
MIG: 10:23:19 :  Invalid Param: DDR3_DATA16_MAP ==> 96'h000_000_000_000_000_000_000_000
MIG: 10:23:19 :  Invalid Param: DDR3_DATA17_MAP ==> 96'h000_000_000_000_000_000_000_000
MIG: 10:23:19 :  Invalid Param: DDR3_MASK0_MAP ==> 108'h000_000_000_000_000_000_000_000_012
MIG: 10:23:19 :  Invalid Param: DDR3_MASK1_MAP ==> 108'h000_000_000_000_000_000_000_000_000
MIG: 10:23:19 :  Invalid Param: DDR3_SLOT_0_CONFIG ==> 8'b0000_0001
MIG: 10:23:19 :  Invalid Param: DDR3_SLOT_1_CONFIG ==> 8'b0000_0000
MIG: 10:23:19 :  Invalid Param: DDR3_IBUF_LPWR_MODE ==> "OFF"
MIG: 10:23:19 :  Invalid Param: DDR3_DATA_IO_IDLE_PWRDWN ==> "ON"
MIG: 10:23:19 :  Invalid Param: DDR3_BANK_TYPE ==> "HR_IO"
MIG: 10:23:19 :  Invalid Param: DDR3_DATA_IO_PRIM_TYPE ==> "HR_LP"
MIG: 10:23:19 :  Invalid Param: DDR3_CKE_ODT_AUX ==> "FALSE"
MIG: 10:23:19 :  Invalid Param: DDR3_USER_REFRESH ==> "OFF"
MIG: 10:23:19 :  Invalid Param: DDR3_WRLVL ==> "ON"
MIG: 10:23:19 :  Invalid Param: DDR3_ORDERING ==> "STRICT"
MIG: 10:23:19 :  Invalid Param: DDR3_CALIB_ROW_ADD ==> 16'h0000
MIG: 10:23:19 :  Invalid Param: DDR3_CALIB_COL_ADD ==> 12'h000
MIG: 10:23:19 :  Invalid Param: DDR3_CALIB_BA_ADD ==> 3'h0
MIG: 10:23:19 :  Invalid Param: DDR3_TCQ ==> 100
MIG: 10:23:19 :  Invalid Param: DDR3_IDELAY_ADJ ==> "OFF"
MIG: 10:23:19 :  Invalid Param: DDR3_FINE_PER_BIT ==> "OFF"
MIG: 10:23:19 :  Invalid Param: DDR3_CENTER_COMP_MODE ==> "OFF"
MIG: 10:23:19 :  Invalid Param: DDR3_PI_VAL_ADJ ==> "OFF"
MIG: 10:23:19 :  Invalid Param: DDR3_IODELAY_GRP0 ==> "TOP_MIG_7SERIES_0_0_IODELAY_MIG0"
MIG: 10:23:19 :  Invalid Param: DDR3_IODELAY_GRP1 ==> "TOP_MIG_7SERIES_0_0_IODELAY_MIG1"
MIG: 10:23:19 :  Invalid Param: DDR3_SYSCLK_TYPE ==> "DIFFERENTIAL"
MIG: 10:23:19 :  Invalid Param: DDR3_REFCLK_TYPE ==> "USE_SYSTEM_CLOCK"
MIG: 10:23:19 :  Invalid Param: DDR3_SYS_RST_PORT ==> "FALSE"
MIG: 10:23:19 :  Invalid Param: DDR3_FPGA_SPEED_GRADE ==> 3
MIG: 10:23:19 :  Invalid Param: DDR3_CMD_PIPE_PLUS1 ==> "ON"
MIG: 10:23:19 :  Invalid Param: DDR3_DRAM_TYPE ==> "DDR3"
MIG: 10:23:19 :  Invalid Param: DDR3_CAL_WIDTH ==> "HALF"
MIG: 10:23:19 :  Invalid Param: DDR3_STARVE_LIMIT ==> 2
MIG: 10:23:19 :  Invalid Param: DDR3_REF_CLK_MMCM_IODELAY_CTRL ==> "FALSE"
MIG: 10:23:19 :  Invalid Param: DDR3_REFCLK_FREQ ==> 200.0
MIG: 10:23:19 :  Invalid Param: DDR3_DIFF_TERM_REFCLK ==> "TRUE"
MIG: 10:23:19 :  Invalid Param: DDR3_tCK ==> 1875
MIG: 10:23:19 : 4
MIG: 10:23:19 :  Valid Param: DDR3_nCK_PER_CLK ==> 4
MIG: 10:23:19 :  Invalid Param: DDR3_DIFF_TERM_SYSCLK ==> "FALSE"
MIG: 10:23:19 : 
MIG: 10:23:19 :  Valid Param: UI_EXTRA_CLOCKS ==> FALSE
MIG: 10:23:20 : 
MIG: 10:23:20 :  Valid Param: C_S_AXI_ID_WIDTH ==> 4
MIG: 10:23:20 : 1073741824
MIG: 10:23:20 :  Valid Param: C_S_AXI_MEM_SIZE ==> 1073741824
MIG: 10:23:20 : 30
MIG: 10:23:20 :  Valid Param: C_S_AXI_ADDR_WIDTH ==> 30
MIG: 10:23:20 : 128
MIG: 10:23:20 :  Valid Param: C_S_AXI_DATA_WIDTH ==> 128
MIG: 10:23:20 :  Invalid Param: DDR3_C_MC_nCK_PER_CLK ==> 4
MIG: 10:23:20 :  Invalid Param: C_S_AXI_SUPPORTS_NARROW_BURST ==> 0
MIG: 10:23:20 :  Invalid Param: DDR3_C_RD_WR_ARB_ALGORITHM ==> "RD_PRI_REG"
MIG: 10:23:20 :  Invalid Param: C_S_AXI_REG_EN0 ==> 20'h00000
MIG: 10:23:20 :  Invalid Param: C_S_AXI_REG_EN1 ==> 20'h00000
MIG: 10:23:20 : 
MIG: 10:23:20 :  Valid Param: C_S_AXI_CTRL_ADDR_WIDTH ==> 32
MIG: 10:23:20 : 
MIG: 10:23:20 :  Valid Param: C_S_AXI_CTRL_DATA_WIDTH ==> 32
MIG: 10:23:20 :  Invalid Param: C_S_AXI_BASEADDR ==> 32'h0000_0000
MIG: 10:23:20 :  Invalid Param: C_ECC_ONOFF_RESET_VALUE ==> 1
MIG: 10:23:20 :  Invalid Param: C_ECC_CE_COUNTER_WIDTH ==> 8
MIG: 10:23:20 : 
MIG: 10:23:20 :  Valid Param: DDR3_DEBUG_PORT ==> OFF
MIG: 10:23:20 : 
MIG: 10:23:20 :  Invalid Param: DDR3_TEMP_MON_CONTROL ==> "INTERNAL"
MIG: 10:23:20 :  Invalid Param: DDR3_FPGA_VOLT_TYPE ==> "N"
MIG: 10:23:20 :  Invalid Param: DDR3_RST_ACT_LOW ==> 1
MIG: 10:23:20 : 
MIG: 10:23:20 : NONE
MIG: 10:23:20 : 
MIG: 10:23:20 : Same Interface
